<?xml version="1.0" encoding="UTF-8"?>
<testsuite xmlns:xsi="http://www.w3.org/2001/XMLSchema-instance" xsi:noNamespaceSchemaLocation="https://maven.apache.org/surefire/maven-surefire-plugin/xsd/surefire-test-report.xsd" name="CourierCreationTests" time="4.53" tests="5" errors="0" skipped="0" failures="2">
  <properties>
    <property name="gopherProxySet" value="false"/>
    <property name="awt.toolkit" value="sun.lwawt.macosx.LWCToolkit"/>
    <property name="java.specification.version" value="11"/>
    <property name="sun.cpu.isalist" value=""/>
    <property name="sun.jnu.encoding" value="UTF-8"/>
    <property name="java.class.path" value="/Users/vi.kudryashova/IdeaProjects/Sprint_7/target/test-classes:/Users/vi.kudryashova/IdeaProjects/Sprint_7/target/classes:/Users/vi.kudryashova/.m2/repository/io/qameta/allure/allure-junit4/2.29.0/allure-junit4-2.29.0.jar:/Users/vi.kudryashova/.m2/repository/io/qameta/allure/allure-java-commons/2.29.0/allure-java-commons-2.29.0.jar:/Users/vi.kudryashova/.m2/repository/org/slf4j/slf4j-api/2.0.13/slf4j-api-2.0.13.jar:/Users/vi.kudryashova/.m2/repository/io/qameta/allure/allure-model/2.29.0/allure-model-2.29.0.jar:/Users/vi.kudryashova/.m2/repository/io/qameta/allure/allure-test-filter/2.29.0/allure-test-filter-2.29.0.jar:/Users/vi.kudryashova/.m2/repository/io/qameta/allure/allure-rest-assured/2.29.0/allure-rest-assured-2.29.0.jar:/Users/vi.kudryashova/.m2/repository/io/qameta/allure/allure-attachments/2.29.0/allure-attachments-2.29.0.jar:/Users/vi.kudryashova/.m2/repository/org/freemarker/freemarker/2.3.33/freemarker-2.3.33.jar:/Users/vi.kudryashova/.m2/repository/io/rest-assured/rest-assured/5.5.0/rest-assured-5.5.0.jar:/Users/vi.kudryashova/.m2/repository/org/apache/groovy/groovy/4.0.22/groovy-4.0.22.jar:/Users/vi.kudryashova/.m2/repository/org/apache/groovy/groovy-xml/4.0.22/groovy-xml-4.0.22.jar:/Users/vi.kudryashova/.m2/repository/org/apache/httpcomponents/httpclient/4.5.13/httpclient-4.5.13.jar:/Users/vi.kudryashova/.m2/repository/org/apache/httpcomponents/httpcore/4.4.13/httpcore-4.4.13.jar:/Users/vi.kudryashova/.m2/repository/commons-logging/commons-logging/1.2/commons-logging-1.2.jar:/Users/vi.kudryashova/.m2/repository/commons-codec/commons-codec/1.11/commons-codec-1.11.jar:/Users/vi.kudryashova/.m2/repository/org/apache/httpcomponents/httpmime/4.5.13/httpmime-4.5.13.jar:/Users/vi.kudryashova/.m2/repository/org/hamcrest/hamcrest/2.2/hamcrest-2.2.jar:/Users/vi.kudryashova/.m2/repository/org/ccil/cowan/tagsoup/tagsoup/1.2.1/tagsoup-1.2.1.jar:/Users/vi.kudryashova/.m2/repository/io/rest-assured/json-path/5.5.0/json-path-5.5.0.jar:/Users/vi.kudryashova/.m2/repository/org/apache/groovy/groovy-json/4.0.22/groovy-json-4.0.22.jar:/Users/vi.kudryashova/.m2/repository/io/rest-assured/rest-assured-common/5.5.0/rest-assured-common-5.5.0.jar:/Users/vi.kudryashova/.m2/repository/io/rest-assured/xml-path/5.5.0/xml-path-5.5.0.jar:/Users/vi.kudryashova/.m2/repository/org/apache/commons/commons-lang3/3.11/commons-lang3-3.11.jar:/Users/vi.kudryashova/.m2/repository/org/junit/jupiter/junit-jupiter-api/5.7.0/junit-jupiter-api-5.7.0.jar:/Users/vi.kudryashova/.m2/repository/org/apiguardian/apiguardian-api/1.1.0/apiguardian-api-1.1.0.jar:/Users/vi.kudryashova/.m2/repository/org/opentest4j/opentest4j/1.2.0/opentest4j-1.2.0.jar:/Users/vi.kudryashova/.m2/repository/org/junit/platform/junit-platform-commons/1.7.0/junit-platform-commons-1.7.0.jar:/Users/vi.kudryashova/.m2/repository/junit/junit/4.13.1/junit-4.13.1.jar:/Users/vi.kudryashova/.m2/repository/org/hamcrest/hamcrest-core/1.3/hamcrest-core-1.3.jar:"/>
    <property name="java.vm.vendor" value="Amazon.com Inc."/>
    <property name="sun.arch.data.model" value="64"/>
    <property name="java.vendor.url" value="https://aws.amazon.com/corretto/"/>
    <property name="user.timezone" value=""/>
    <property name="java.vm.specification.version" value="11"/>
    <property name="os.name" value="Mac OS X"/>
    <property name="sun.java.launcher" value="SUN_STANDARD"/>
    <property name="user.country" value="RU"/>
    <property name="sun.boot.library.path" value="/Library/Java/JavaVirtualMachines/amazon-corretto-11.jdk/Contents/Home/lib"/>
    <property name="sun.java.command" value="/Users/vi.kudryashova/IdeaProjects/Sprint_7/target/surefire/surefirebooter2462586599871780970.jar /Users/vi.kudryashova/IdeaProjects/Sprint_7/target/surefire 2024-12-08T16-18-27_020-jvmRun1 surefire1094524059272060309tmp surefire_08259430627069033271tmp"/>
    <property name="jdk.debug" value="release"/>
    <property name="surefire.test.class.path" value="/Users/vi.kudryashova/IdeaProjects/Sprint_7/target/test-classes:/Users/vi.kudryashova/IdeaProjects/Sprint_7/target/classes:/Users/vi.kudryashova/.m2/repository/io/qameta/allure/allure-junit4/2.29.0/allure-junit4-2.29.0.jar:/Users/vi.kudryashova/.m2/repository/io/qameta/allure/allure-java-commons/2.29.0/allure-java-commons-2.29.0.jar:/Users/vi.kudryashova/.m2/repository/org/slf4j/slf4j-api/2.0.13/slf4j-api-2.0.13.jar:/Users/vi.kudryashova/.m2/repository/io/qameta/allure/allure-model/2.29.0/allure-model-2.29.0.jar:/Users/vi.kudryashova/.m2/repository/io/qameta/allure/allure-test-filter/2.29.0/allure-test-filter-2.29.0.jar:/Users/vi.kudryashova/.m2/repository/io/qameta/allure/allure-rest-assured/2.29.0/allure-rest-assured-2.29.0.jar:/Users/vi.kudryashova/.m2/repository/io/qameta/allure/allure-attachments/2.29.0/allure-attachments-2.29.0.jar:/Users/vi.kudryashova/.m2/repository/org/freemarker/freemarker/2.3.33/freemarker-2.3.33.jar:/Users/vi.kudryashova/.m2/repository/io/rest-assured/rest-assured/5.5.0/rest-assured-5.5.0.jar:/Users/vi.kudryashova/.m2/repository/org/apache/groovy/groovy/4.0.22/groovy-4.0.22.jar:/Users/vi.kudryashova/.m2/repository/org/apache/groovy/groovy-xml/4.0.22/groovy-xml-4.0.22.jar:/Users/vi.kudryashova/.m2/repository/org/apache/httpcomponents/httpclient/4.5.13/httpclient-4.5.13.jar:/Users/vi.kudryashova/.m2/repository/org/apache/httpcomponents/httpcore/4.4.13/httpcore-4.4.13.jar:/Users/vi.kudryashova/.m2/repository/commons-logging/commons-logging/1.2/commons-logging-1.2.jar:/Users/vi.kudryashova/.m2/repository/commons-codec/commons-codec/1.11/commons-codec-1.11.jar:/Users/vi.kudryashova/.m2/repository/org/apache/httpcomponents/httpmime/4.5.13/httpmime-4.5.13.jar:/Users/vi.kudryashova/.m2/repository/org/hamcrest/hamcrest/2.2/hamcrest-2.2.jar:/Users/vi.kudryashova/.m2/repository/org/ccil/cowan/tagsoup/tagsoup/1.2.1/tagsoup-1.2.1.jar:/Users/vi.kudryashova/.m2/repository/io/rest-assured/json-path/5.5.0/json-path-5.5.0.jar:/Users/vi.kudryashova/.m2/repository/org/apache/groovy/groovy-json/4.0.22/groovy-json-4.0.22.jar:/Users/vi.kudryashova/.m2/repository/io/rest-assured/rest-assured-common/5.5.0/rest-assured-common-5.5.0.jar:/Users/vi.kudryashova/.m2/repository/io/rest-assured/xml-path/5.5.0/xml-path-5.5.0.jar:/Users/vi.kudryashova/.m2/repository/org/apache/commons/commons-lang3/3.11/commons-lang3-3.11.jar:/Users/vi.kudryashova/.m2/repository/org/junit/jupiter/junit-jupiter-api/5.7.0/junit-jupiter-api-5.7.0.jar:/Users/vi.kudryashova/.m2/repository/org/apiguardian/apiguardian-api/1.1.0/apiguardian-api-1.1.0.jar:/Users/vi.kudryashova/.m2/repository/org/opentest4j/opentest4j/1.2.0/opentest4j-1.2.0.jar:/Users/vi.kudryashova/.m2/repository/org/junit/platform/junit-platform-commons/1.7.0/junit-platform-commons-1.7.0.jar:/Users/vi.kudryashova/.m2/repository/junit/junit/4.13.1/junit-4.13.1.jar:/Users/vi.kudryashova/.m2/repository/org/hamcrest/hamcrest-core/1.3/hamcrest-core-1.3.jar:"/>
    <property name="allure.results.directory" value="/Users/vi.kudryashova/IdeaProjects/Sprint_7/target/allure-results"/>
    <property name="sun.cpu.endian" value="little"/>
    <property name="user.home" value="/Users/vi.kudryashova"/>
    <property name="user.language" value="ru"/>
    <property name="java.specification.vendor" value="Oracle Corporation"/>
    <property name="java.version.date" value="2024-10-15"/>
    <property name="java.home" value="/Library/Java/JavaVirtualMachines/amazon-corretto-11.jdk/Contents/Home"/>
    <property name="file.separator" value="/"/>
    <property name="basedir" value="/Users/vi.kudryashova/IdeaProjects/Sprint_7"/>
    <property name="java.vm.compressedOopsMode" value="Zero based"/>
    <property name="line.separator" value="&#10;"/>
    <property name="java.specification.name" value="Java Platform API Specification"/>
    <property name="java.vm.specification.vendor" value="Oracle Corporation"/>
    <property name="java.awt.graphicsenv" value="sun.awt.CGraphicsEnvironment"/>
    <property name="surefire.real.class.path" value="/Users/vi.kudryashova/IdeaProjects/Sprint_7/target/surefire/surefirebooter2462586599871780970.jar"/>
    <property name="sun.management.compiler" value="HotSpot 64-Bit Tiered Compilers"/>
    <property name="java.runtime.version" value="11.0.25+9-LTS"/>
    <property name="user.name" value="vi.kudryashova"/>
    <property name="path.separator" value=":"/>
    <property name="os.version" value="14.6.1"/>
    <property name="java.runtime.name" value="OpenJDK Runtime Environment"/>
    <property name="file.encoding" value="UTF-8"/>
    <property name="java.vm.name" value="OpenJDK 64-Bit Server VM"/>
    <property name="java.vendor.version" value="Corretto-11.0.25.9.1"/>
    <property name="localRepository" value="/Users/vi.kudryashova/.m2/repository"/>
    <property name="java.vendor.url.bug" value="https://github.com/corretto/corretto-11/issues/"/>
    <property name="java.io.tmpdir" value="/var/folders/jm/kjnxty616r7841mwxr8bb10w0000gq/T/"/>
    <property name="java.version" value="11.0.25"/>
    <property name="user.dir" value="/Users/vi.kudryashova/IdeaProjects/Sprint_7"/>
    <property name="os.arch" value="x86_64"/>
    <property name="java.vm.specification.name" value="Java Virtual Machine Specification"/>
    <property name="java.awt.printerjob" value="sun.lwawt.macosx.CPrinterJob"/>
    <property name="sun.os.patch.level" value="unknown"/>
    <property name="java.library.path" value="/Users/vi.kudryashova/Library/Java/Extensions:/Library/Java/Extensions:/Network/Library/Java/Extensions:/System/Library/Java/Extensions:/usr/lib/java:."/>
    <property name="java.vm.info" value="mixed mode"/>
    <property name="java.vendor" value="Amazon.com Inc."/>
    <property name="java.vm.version" value="11.0.25+9-LTS"/>
    <property name="java.specification.maintenance.version" value="3"/>
    <property name="sun.io.unicode.encoding" value="UnicodeBig"/>
    <property name="java.class.version" value="55.0"/>
  </properties>
  <testcase name="createCourierConflictTest" classname="CourierCreationTests" time="1.525">
    <failure message="1 expectation failed.&#10;JSON path message doesn&apos;t match.&#10;Expected: Этот логин уже используется&#10;  Actual: Этот логин уже используется. Попробуйте другой.&#10;" type="java.lang.AssertionError">java.lang.AssertionError: 
1 expectation failed.
JSON path message doesn't match.
Expected: Этот логин уже используется
  Actual: Этот логин уже используется. Попробуйте другой.

	at CourierCreationTests.createCourierConflictTest(CourierCreationTests.java:71)
</failure>
    <system-out><![CDATA[Courier with ID 431361 has been deleted.
]]></system-out>
  </testcase>
  <testcase name="createCourierWithoutPasswordTest" classname="CourierCreationTests" time="0.369"/>
  <testcase name="createCourierTest" classname="CourierCreationTests" time="1.085"/>
  <testcase name="createCourierWithoutLoginTest" classname="CourierCreationTests" time="0.457"/>
  <testcase name="createCourierWithoutFirstNameTest" classname="CourierCreationTests" time="1.076">
    <failure message="1 expectation failed.&#10;Expected status code &lt;400&gt; but was &lt;201&gt;.&#10;" type="java.lang.AssertionError"><![CDATA[java.lang.AssertionError: 
1 expectation failed.
Expected status code <400> but was <201>.

	at CourierCreationTests.createCourierWithoutFirstNameTest(CourierCreationTests.java:133)
]]></failure>
    <system-out><![CDATA[Courier with ID 431363 has been deleted.
]]></system-out>
  </testcase>
</testsuite>